<?xml version="1.0" encoding="utf-8"?><testsuites name="pytest tests"><testsuite name="pytest" errors="0" failures="0" skipped="0" tests="11" time="0.377" timestamp="2026-01-17T14:30:01.385243-06:00" hostname="DESKTOP-SACB1K4"><testcase classname="tests.config.logs_.test_LoggingConfig_fileConfig" name="test__logging_config__is_instance_of__LoggingConfig" time="0.006" /><testcase classname="tests.config.logs_.test_LoggingConfig_fileConfig" name="test__logger__is_instance_of__Logger" time="0.003" /><testcase classname="tests.config.os_environ.azure_openai.test_AzureOpenAISettings_dotenv" name="test__azure_openai__is_instance_of__AzureOpenAISettings" time="0.004" /><testcase classname="tests.config.os_environ.azure_openai.test_AzureOpenAISettings_dotenv" name="test__base_url__equals__env_test" time="0.003" /><testcase classname="tests.config.os_environ.azure_openai.test_AzureOpenAISettings_dotenv" name="test__deployment__equals__env_test" time="0.002" /><testcase classname="tests.config.os_environ.azure_openai.test_AzureOpenAISettings_dotenv" name="test__api_key__equals__env_test" time="0.003" /><testcase classname="tests.config.os_environ.settings.test_Settings_dotenv" name="test__settings__is_instance_of__Settings" time="0.002" /><testcase classname="tests.config.os_environ.settings.test_Settings_dotenv" name="test__environment__equals__test" time="0.002" /><testcase classname="tests.config.os_environ.settings.test_Settings_dotenv" name="test__dry_run__is__True" time="0.002" /><testcase classname="tests.config.os_environ.settings.test_Settings_dotenv" name="test__azure_ai_project_endpoint__equals__env_test" time="0.003" /><testcase classname="tests.config.os_environ.settings.test_Settings_dotenv" name="test__azure_openai__is__instance_of_AzureOpenAISettings" time="0.002" /></testsuite></testsuites>